
Attaching package: 'shinydashboard'

The following object is masked from 'package:graphics':

    box


Attaching package: 'dplyr'

The following object is masked from 'package:glue':

    collapse

The following objects are masked from 'package:stats':

    filter, lag

The following objects are masked from 'package:base':

    intersect, setdiff, setequal, union

-- Attaching packages --------------------------------------- tidyverse 1.3.0 --
v tibble  3.0.4     v purrr   0.3.4
v tidyr   1.1.2     v forcats 0.5.0
v readr   1.4.0     
-- Conflicts ------------------------------------------ tidyverse_conflicts() --
x dplyr::collapse() masks glue::collapse()
x dplyr::filter()   masks stats::filter()
x dplyr::lag()      masks stats::lag()

Attaching package: 'lubridate'

The following objects are masked from 'package:base':

    date, intersect, setdiff, union


Attaching package: 'plotly'

The following object is masked from 'package:ggplot2':

    last_plot

The following object is masked from 'package:blastula':

    add_image

The following object is masked from 'package:stats':

    filter

The following object is masked from 'package:graphics':

    layout


Attaching package: 'data.table'

The following objects are masked from 'package:lubridate':

    hour, isoweek, mday, minute, month, quarter, second, wday, week,
    yday, year

The following object is masked from 'package:purrr':

    transpose

The following objects are masked from 'package:dplyr':

    between, first, last


Attaching package: 'RCurl'

The following object is masked from 'package:tidyr':

    complete

Registered S3 method overwritten by 'quantmod':
  method            from
  as.zoo.data.frame zoo 
geom_path: Each group consists of only one observation. Do you need to adjust
the group aesthetic?
Warning messages:
1: Removed 6102 rows containing missing values (geom_point). 
2: Removed 6102 row(s) containing missing values (geom_path). 
The email message was sent successfully.

Attaching package: 'shinydashboard'

The following object is masked from 'package:graphics':

    box


Attaching package: 'dplyr'

The following object is masked from 'package:glue':

    collapse

The following objects are masked from 'package:stats':

    filter, lag

The following objects are masked from 'package:base':

    intersect, setdiff, setequal, union

-- Attaching packages --------------------------------------- tidyverse 1.3.0 --
v tibble  3.0.4     v purrr   0.3.4
v tidyr   1.1.2     v forcats 0.5.0
v readr   1.4.0     
-- Conflicts ------------------------------------------ tidyverse_conflicts() --
x dplyr::collapse() masks glue::collapse()
x dplyr::filter()   masks stats::filter()
x dplyr::lag()      masks stats::lag()

Attaching package: 'lubridate'

The following objects are masked from 'package:base':

    date, intersect, setdiff, union


Attaching package: 'plotly'

The following object is masked from 'package:ggplot2':

    last_plot

The following object is masked from 'package:blastula':

    add_image

The following object is masked from 'package:stats':

    filter

The following object is masked from 'package:graphics':

    layout


Attaching package: 'data.table'

The following objects are masked from 'package:lubridate':

    hour, isoweek, mday, minute, month, quarter, second, wday, week,
    yday, year

The following object is masked from 'package:purrr':

    transpose

The following objects are masked from 'package:dplyr':

    between, first, last


Attaching package: 'RCurl'

The following object is masked from 'package:tidyr':

    complete

Registered S3 method overwritten by 'quantmod':
  method            from
  as.zoo.data.frame zoo 
geom_path: Each group consists of only one observation. Do you need to adjust
the group aesthetic?
Warning messages:
1: Removed 6102 rows containing missing values (geom_point). 
2: Removed 6102 row(s) containing missing values (geom_path). 
The email message was sent successfully.
